<?xml version="1.0" encoding="UTF-8"?>
<!-- Generated by org.testng.reporters.JUnitReportReporter -->
<testsuite skipped="0" hostname="BMSS-AP-PC" name="com.mycompany.tests.ShopPageTest" tests="3" failures="0" timestamp="10 Sep 2018 21:15:59 GMT" time="56.515" errors="0">
  <testcase name="testApplyingSortOrder" time="16.087" classname="com.mycompany.tests.ShopPageTest"/>
  <testcase name="testApplyingSortOrder" time="24.439" classname="com.mycompany.tests.ShopPageTest"/>
  <testcase name="testApplyingSortOrder" time="15.989" classname="com.mycompany.tests.ShopPageTest"/>
</testsuite> <!-- com.mycompany.tests.ShopPageTest -->
