<?xml version="1.0" encoding="UTF-8"?>
<!-- Generated by org.testng.reporters.JUnitReportReporter -->
<testsuite skipped="0" hostname="BMSS-AP-PC" name="com.mycompany.tests.HomePageMenusTest" tests="1" failures="0" timestamp="13 Sep 2018 02:28:11 GMT" time="28.884" errors="0">
  <testcase name="validateMwebtable" time="28.884" classname="com.mycompany.tests.HomePageMenusTest"/>
</testsuite> <!-- com.mycompany.tests.HomePageMenusTest -->
