<?xml version="1.0" encoding="UTF-8"?>
<!-- Generated by org.testng.reporters.JUnitReportReporter -->
<testsuite skipped="0" hostname="BMSS-AP-PC" name="com.mycompany.tests.HomePageMenusTest" tests="1" failures="0" timestamp="14 Sep 2018 01:02:02 GMT" time="22.098" errors="0">
  <testcase name="getTableData" time="22.098" classname="com.mycompany.tests.HomePageMenusTest"/>
</testsuite> <!-- com.mycompany.tests.HomePageMenusTest -->
